<?xml version="1.0" encoding="UTF-8"?>
<!-- Generated by org.testng.reporters.JUnitXMLReporter -->
<testsuite ignored="1" hostname="CHANDAN" failures="0" tests="17" name="Default test" time="0.187" errors="0" timestamp="2022-04-21T00:28:49 IST">
  <testcase classname="Testng.Test2" name="chat" time="0.019"/>
  <testcase classname="Testng.Test2" name="video" time="0.003"/>
  <testcase classname="Testng.Test2" name="video" time="0.002"/>
  <testcase classname="Testng.Test2" name="video" time="0.003"/>
  <testcase classname="Testng.Test2" name="video" time="0.002"/>
  <testcase classname="Testng.Test2" name="video" time="0.002"/>
  <testcase classname="Testng.Test2" name="pic" time="0.002"/>
  <testcase classname="Testng.Test2" name="vid" time="0.002"/>
  <testcase classname="Testng.Test2" name="vid" time="0.001"/>
  <testcase classname="Testng.Test2" name="vid" time="0.001"/>
  <testcase classname="Testng.Test2" name="vid" time="0.002"/>
  <testcase classname="Testng.Test2" name="vid" time="0.002"/>
  <testcase classname="Testng.Test2" name="vid" time="0.002"/>
  <testcase classname="Testng.Test2" name="vid" time="0.002"/>
  <testcase classname="Testng.Test2" name="vid" time="0.002"/>
  <testcase classname="Testng.Test2" name="vid" time="0.001"/>
  <testcase classname="Testng.Test2" name="vid" time="0.001"/>
  <testcase classname="Testng.Test2" name="photo" time="0.0">
    <ignored/>
  </testcase> <!-- photo -->
</testsuite> <!-- Default test -->
